# JRE version: Java(TM) SE Runtime Environment (15.0+36) (build 15+36-1562)
# Java VM: Java HotSpot(TM) 64-Bit Server VM (15+36-1562, mixed mode, sharing, tiered, compressed oops, g1 gc, bsd-amd64)
GC Precious Log:
 CPUs: 4 total, 4 available
 Memory: 4096M
 Large Page Support: Disabled
 NUMA Support: Disabled
 Compressed Oops: Enabled (Zero based)
 Heap Region Size: 1M
 Heap Min Capacity: 8M
 Heap Initial Capacity: 64M
 Heap Max Capacity: 1G
 Pre-touch: Disabled
 Parallel Workers: 4
 Concurrent Workers: 1
 Concurrent Refinement Workers: 4
 Periodic GC: Disabled
Heap:
 garbage-first heap   total 48128K, used 16140K [0x00000007c0000000, 0x0000000800000000)
  region size 1024K, 9 young (9216K), 3 survivors (3072K)
 Metaspace       used 23103K, capacity 23418K, committed 23856K, reserved 1069056K
  class space    used 3284K, capacity 3403K, committed 3456K, reserved 1048576K
GC Heap History (8 events):
Event: 1.460 GC heap before
{Heap before GC invocations=0 (full 0):
 garbage-first heap   total 67584K, used 13096K [0x00000007c0000000, 0x0000000800000000)
  region size 1024K, 13 young (13312K), 0 survivors (0K)
 Metaspace       used 3259K, capacity 6287K, committed 6528K, reserved 1056768K
  class space    used 355K, capacity 624K, committed 640K, reserved 1048576K
}
Event: 1.471 GC heap after
{Heap after GC invocations=1 (full 0):
 garbage-first heap   total 67584K, used 2300K [0x00000007c0000000, 0x0000000800000000)
  region size 1024K, 2 young (2048K), 2 survivors (2048K)
 Metaspace       used 3259K, capacity 6287K, committed 6528K, reserved 1056768K
  class space    used 355K, capacity 624K, committed 640K, reserved 1048576K
}
Event: 3.459 GC heap before
{Heap before GC invocations=1 (full 0):
 garbage-first heap   total 67584K, used 23804K [0x00000007c0000000, 0x0000000800000000)
  region size 1024K, 24 young (24576K), 2 survivors (2048K)
 Metaspace       used 9515K, capacity 11538K, committed 11648K, reserved 1058816K
  class space    used 1417K, capacity 1625K, committed 1664K, reserved 1048576K
}
Event: 3.467 GC heap after
{Heap after GC invocations=2 (full 0):
 garbage-first heap   total 67584K, used 5091K [0x00000007c0000000, 0x0000000800000000)
  region size 1024K, 3 young (3072K), 3 survivors (3072K)
 Metaspace       used 9515K, capacity 11538K, committed 11648K, reserved 1058816K
  class space    used 1417K, capacity 1625K, committed 1664K, reserved 1048576K
}
Event: 7.040 GC heap before
{Heap before GC invocations=2 (full 0):
 garbage-first heap   total 67584K, used 33763K [0x00000007c0000000, 0x0000000800000000)
  region size 1024K, 29 young (29696K), 3 survivors (3072K)
 Metaspace       used 16146K, capacity 17313K, committed 17536K, reserved 1064960K
  class space    used 2513K, capacity 2651K, committed 2688K, reserved 1048576K
}
Event: 7.053 GC heap after
{Heap after GC invocations=3 (full 0):
 garbage-first heap   total 67584K, used 10393K [0x00000007c0000000, 0x0000000800000000)
  region size 1024K, 4 young (4096K), 4 survivors (4096K)
 Metaspace       used 16146K, capacity 17313K, committed 17536K, reserved 1064960K
  class space    used 2513K, capacity 2651K, committed 2688K, reserved 1048576K
}
Event: 8.230 GC heap before
{Heap before GC invocations=3 (full 0):
 garbage-first heap   total 67584K, used 14489K [0x00000007c0000000, 0x0000000800000000)
  region size 1024K, 9 young (9216K), 4 survivors (4096K)
 Metaspace       used 20874K, capacity 21093K, committed 21296K, reserved 1067008K
  class space    used 3083K, capacity 3163K, committed 3200K, reserved 1048576K
}
Event: 8.239 GC heap after
{Heap after GC invocations=4 (full 0):
 garbage-first heap   total 67584K, used 11020K [0x00000007c0000000, 0x0000000800000000)
  region size 1024K, 3 young (3072K), 3 survivors (3072K)
 Metaspace       used 20874K, capacity 21093K, committed 21296K, reserved 1067008K
  class space    used 3083K, capacity 3163K, committed 3200K, reserved 1048576K
}

